{"level":"info","message":"GET /","service":"rbac-system","timestamp":"2025-11-27 02:05:10"}
{"level":"info","message":"GET /favicon.ico","service":"rbac-system","timestamp":"2025-11-27 02:05:10"}
{"level":"info","message":"GET /api/health","service":"rbac-system","timestamp":"2025-11-27 02:17:00"}
{"level":"info","message":"GET /api/auth/login","service":"rbac-system","timestamp":"2025-11-27 02:18:30"}
{"level":"info","message":"GET /api/users","service":"rbac-system","timestamp":"2025-11-27 02:19:41"}
{"level":"info","message":"GET /api/health","service":"rbac-system","timestamp":"2025-11-28 22:43:02"}
{"level":"info","message":"GET /","service":"rbac-system","timestamp":"2025-11-28 22:43:04"}
{"level":"info","message":"GET /","service":"rbac-system","timestamp":"2025-11-28 22:43:33"}
{"level":"info","message":"GET /","service":"rbac-system","timestamp":"2025-11-28 22:43:34"}
{"level":"info","message":"GET /","service":"rbac-system","timestamp":"2025-11-28 22:43:42"}
{"level":"info","message":"GET /","service":"rbac-system","timestamp":"2025-11-28 22:44:13"}
{"level":"info","message":"POST /api/auth/login","service":"rbac-system","timestamp":"2025-11-28 22:44:52"}
{"level":"info","message":"GET /api/users","service":"rbac-system","timestamp":"2025-11-28 22:44:52"}
{"level":"info","message":"GET /api/roles","service":"rbac-system","timestamp":"2025-11-28 22:44:52"}
{"level":"info","message":"GET /api/permissions","service":"rbac-system","timestamp":"2025-11-28 22:44:52"}
{"level":"info","message":"GET /api/audit/stats","service":"rbac-system","timestamp":"2025-11-28 22:44:52"}
{"level":"info","message":"GET /api/users","service":"rbac-system","timestamp":"2025-11-28 22:44:52"}
{"level":"info","message":"GET /api/roles","service":"rbac-system","timestamp":"2025-11-28 22:44:52"}
{"level":"info","message":"GET /api/permissions","service":"rbac-system","timestamp":"2025-11-28 22:44:52"}
{"level":"info","message":"GET /api/audit/stats","service":"rbac-system","timestamp":"2025-11-28 22:44:52"}
{"level":"info","message":"GET /api/users","service":"rbac-system","timestamp":"2025-11-28 22:45:03"}
{"level":"info","message":"GET /api/roles","service":"rbac-system","timestamp":"2025-11-28 22:45:03"}
{"level":"info","message":"GET /api/users","service":"rbac-system","timestamp":"2025-11-28 22:45:03"}
{"level":"info","message":"GET /api/roles","service":"rbac-system","timestamp":"2025-11-28 22:45:03"}
{"level":"info","message":"GET /api/roles","service":"rbac-system","timestamp":"2025-11-28 22:45:09"}
{"level":"info","message":"GET /api/permissions","service":"rbac-system","timestamp":"2025-11-28 22:45:09"}
{"level":"info","message":"GET /api/roles","service":"rbac-system","timestamp":"2025-11-28 22:45:09"}
{"level":"info","message":"GET /api/permissions","service":"rbac-system","timestamp":"2025-11-28 22:45:09"}
{"level":"info","message":"GET /api/permissions","service":"rbac-system","timestamp":"2025-11-28 22:45:12"}
{"level":"info","message":"GET /api/resources","service":"rbac-system","timestamp":"2025-11-28 22:45:12"}
{"level":"info","message":"GET /api/permissions","service":"rbac-system","timestamp":"2025-11-28 22:45:12"}
{"level":"info","message":"GET /api/resources","service":"rbac-system","timestamp":"2025-11-28 22:45:12"}
{"level":"info","message":"GET /api/audit?page=1&limit=20&action=&status=","service":"rbac-system","timestamp":"2025-11-28 22:45:13"}
{"level":"info","message":"GET /api/audit/stats","service":"rbac-system","timestamp":"2025-11-28 22:45:13"}
{"level":"info","message":"GET /api/audit?page=1&limit=20&action=&status=","service":"rbac-system","timestamp":"2025-11-28 22:45:13"}
{"level":"info","message":"GET /api/audit/stats","service":"rbac-system","timestamp":"2025-11-28 22:45:13"}
{"level":"info","message":"GET /api/users","service":"rbac-system","timestamp":"2025-11-28 22:45:21"}
{"level":"info","message":"GET /api/roles","service":"rbac-system","timestamp":"2025-11-28 22:45:21"}
{"level":"info","message":"GET /api/users","service":"rbac-system","timestamp":"2025-11-28 22:45:21"}
{"level":"info","message":"GET /api/roles","service":"rbac-system","timestamp":"2025-11-28 22:45:21"}
{"level":"info","message":"POST /api/users","service":"rbac-system","timestamp":"2025-11-28 22:46:11"}
{"level":"info","message":"GET /api/users","service":"rbac-system","timestamp":"2025-11-28 22:46:11"}
{"level":"info","message":"GET /api/roles","service":"rbac-system","timestamp":"2025-11-28 22:46:11"}
{"level":"info","message":"GET /api/users","service":"rbac-system","timestamp":"2025-11-28 22:46:18"}
{"level":"info","message":"GET /api/roles","service":"rbac-system","timestamp":"2025-11-28 22:46:18"}
{"level":"info","message":"GET /api/permissions","service":"rbac-system","timestamp":"2025-11-28 22:46:18"}
{"level":"info","message":"GET /api/audit/stats","service":"rbac-system","timestamp":"2025-11-28 22:46:18"}
{"level":"info","message":"GET /api/permissions","service":"rbac-system","timestamp":"2025-11-28 22:46:18"}
{"level":"info","message":"GET /api/users","service":"rbac-system","timestamp":"2025-11-28 22:46:18"}
{"level":"info","message":"GET /api/roles","service":"rbac-system","timestamp":"2025-11-28 22:46:18"}
{"level":"info","message":"GET /api/audit/stats","service":"rbac-system","timestamp":"2025-11-28 22:46:18"}
{"level":"info","message":"POST /api/auth/logout","service":"rbac-system","timestamp":"2025-11-28 22:46:28"}
{"level":"info","message":"POST /api/auth/login","service":"rbac-system","timestamp":"2025-11-28 22:46:37"}
{"level":"info","message":"GET /api/users","service":"rbac-system","timestamp":"2025-11-28 22:46:37"}
{"level":"info","message":"GET /api/roles","service":"rbac-system","timestamp":"2025-11-28 22:46:37"}
{"level":"info","message":"GET /api/permissions","service":"rbac-system","timestamp":"2025-11-28 22:46:37"}
{"level":"info","message":"GET /api/audit/stats","service":"rbac-system","timestamp":"2025-11-28 22:46:37"}
{"level":"info","message":"GET /api/permissions","service":"rbac-system","timestamp":"2025-11-28 22:46:37"}
{"level":"info","message":"GET /api/roles","service":"rbac-system","timestamp":"2025-11-28 22:46:37"}
{"level":"info","message":"GET /api/users","service":"rbac-system","timestamp":"2025-11-28 22:46:37"}
{"level":"info","message":"GET /api/audit/stats","service":"rbac-system","timestamp":"2025-11-28 22:46:38"}
{"level":"info","message":"GET /api/users","service":"rbac-system","timestamp":"2025-11-28 22:47:16"}
{"level":"info","message":"GET /api/roles","service":"rbac-system","timestamp":"2025-11-28 22:47:16"}
{"level":"info","message":"GET /api/users","service":"rbac-system","timestamp":"2025-11-28 22:47:16"}
{"level":"info","message":"GET /api/roles","service":"rbac-system","timestamp":"2025-11-28 22:47:16"}
{"level":"info","message":"GET /api/audit?page=1&limit=20&action=&status=","service":"rbac-system","timestamp":"2025-11-28 22:47:17"}
{"level":"info","message":"GET /api/audit/stats","service":"rbac-system","timestamp":"2025-11-28 22:47:17"}
{"level":"info","message":"GET /api/audit?page=1&limit=20&action=&status=","service":"rbac-system","timestamp":"2025-11-28 22:47:17"}
{"level":"info","message":"GET /api/audit/stats","service":"rbac-system","timestamp":"2025-11-28 22:47:17"}
{"level":"info","message":"GET /api/users","service":"rbac-system","timestamp":"2025-11-28 22:47:44"}
{"level":"info","message":"GET /api/roles","service":"rbac-system","timestamp":"2025-11-28 22:47:44"}
{"level":"info","message":"GET /api/permissions","service":"rbac-system","timestamp":"2025-11-28 22:47:44"}
{"level":"info","message":"GET /api/audit/stats","service":"rbac-system","timestamp":"2025-11-28 22:47:44"}
{"level":"info","message":"GET /api/roles","service":"rbac-system","timestamp":"2025-11-28 22:47:44"}
{"level":"info","message":"GET /api/users","service":"rbac-system","timestamp":"2025-11-28 22:47:44"}
{"level":"info","message":"GET /api/permissions","service":"rbac-system","timestamp":"2025-11-28 22:47:44"}
{"level":"info","message":"GET /api/audit/stats","service":"rbac-system","timestamp":"2025-11-28 22:47:45"}
{"level":"info","message":"GET /api/users","service":"rbac-system","timestamp":"2025-11-28 22:48:07"}
{"level":"info","message":"GET /api/roles","service":"rbac-system","timestamp":"2025-11-28 22:48:07"}
{"level":"info","message":"GET /api/users","service":"rbac-system","timestamp":"2025-11-28 22:48:07"}
{"level":"info","message":"GET /api/roles","service":"rbac-system","timestamp":"2025-11-28 22:48:07"}
{"level":"info","message":"POST /api/auth/logout","service":"rbac-system","timestamp":"2025-11-28 22:48:17"}
{"level":"info","message":"POST /api/auth/login","service":"rbac-system","timestamp":"2025-11-28 22:48:36"}
{"level":"info","message":"POST /api/auth/login","service":"rbac-system","timestamp":"2025-11-28 22:48:44"}
{"level":"info","message":"POST /api/auth/login","service":"rbac-system","timestamp":"2025-11-28 22:48:55"}
{"level":"info","message":"GET /api/users","service":"rbac-system","timestamp":"2025-11-28 22:48:56"}
{"level":"info","message":"GET /api/roles","service":"rbac-system","timestamp":"2025-11-28 22:48:56"}
{"level":"info","message":"GET /api/permissions","service":"rbac-system","timestamp":"2025-11-28 22:48:56"}
{"level":"info","message":"GET /api/audit/stats","service":"rbac-system","timestamp":"2025-11-28 22:48:56"}
{"level":"info","message":"GET /api/users","service":"rbac-system","timestamp":"2025-11-28 22:48:56"}
{"level":"info","message":"GET /api/roles","service":"rbac-system","timestamp":"2025-11-28 22:48:56"}
{"level":"info","message":"GET /api/permissions","service":"rbac-system","timestamp":"2025-11-28 22:48:56"}
{"level":"info","message":"GET /api/audit/stats","service":"rbac-system","timestamp":"2025-11-28 22:48:56"}
{"level":"info","message":"GET /api/users","service":"rbac-system","timestamp":"2025-11-28 22:48:58"}
{"level":"info","message":"GET /api/roles","service":"rbac-system","timestamp":"2025-11-28 22:48:58"}
{"level":"info","message":"GET /api/users","service":"rbac-system","timestamp":"2025-11-28 22:48:58"}
{"level":"info","message":"GET /api/roles","service":"rbac-system","timestamp":"2025-11-28 22:48:58"}
{"level":"info","message":"PUT /api/users/5","service":"rbac-system","timestamp":"2025-11-28 22:49:03"}
{"level":"info","message":"GET /api/users","service":"rbac-system","timestamp":"2025-11-28 22:49:03"}
{"level":"info","message":"GET /api/roles","service":"rbac-system","timestamp":"2025-11-28 22:49:03"}
{"level":"info","message":"DELETE /api/users/5","service":"rbac-system","timestamp":"2025-11-28 22:49:12"}
{"level":"info","message":"GET /api/users","service":"rbac-system","timestamp":"2025-11-28 22:49:12"}
{"level":"info","message":"GET /api/roles","service":"rbac-system","timestamp":"2025-11-28 22:49:12"}
{"level":"info","message":"GET /api/roles","service":"rbac-system","timestamp":"2025-11-28 22:49:15"}
{"level":"info","message":"GET /api/permissions","service":"rbac-system","timestamp":"2025-11-28 22:49:15"}
{"level":"info","message":"GET /api/roles","service":"rbac-system","timestamp":"2025-11-28 22:49:15"}
{"level":"info","message":"GET /api/permissions","service":"rbac-system","timestamp":"2025-11-28 22:49:15"}
{"level":"info","message":"GET /api/permissions","service":"rbac-system","timestamp":"2025-11-28 22:49:17"}
{"level":"info","message":"GET /api/resources","service":"rbac-system","timestamp":"2025-11-28 22:49:17"}
{"level":"info","message":"GET /api/permissions","service":"rbac-system","timestamp":"2025-11-28 22:49:17"}
{"level":"info","message":"GET /api/resources","service":"rbac-system","timestamp":"2025-11-28 22:49:17"}
{"level":"info","message":"GET /api/permissions","service":"rbac-system","timestamp":"2025-11-28 22:49:20"}
{"level":"info","message":"GET /api/users","service":"rbac-system","timestamp":"2025-11-28 22:49:20"}
{"level":"info","message":"GET /api/roles","service":"rbac-system","timestamp":"2025-11-28 22:49:20"}
{"level":"info","message":"GET /api/audit/stats","service":"rbac-system","timestamp":"2025-11-28 22:49:20"}
{"level":"info","message":"GET /api/permissions","service":"rbac-system","timestamp":"2025-11-28 22:49:20"}
{"level":"info","message":"GET /api/roles","service":"rbac-system","timestamp":"2025-11-28 22:49:20"}
{"level":"info","message":"GET /api/users","service":"rbac-system","timestamp":"2025-11-28 22:49:20"}
{"level":"info","message":"GET /api/audit/stats","service":"rbac-system","timestamp":"2025-11-28 22:49:20"}
{"level":"info","message":"POST /api/auth/logout","service":"rbac-system","timestamp":"2025-11-28 22:49:24"}
{"level":"info","message":"GET /","service":"rbac-system","timestamp":"2025-11-28 22:51:52"}
{"level":"info","message":"GET /","service":"rbac-system","timestamp":"2025-11-28 22:56:07"}
{"level":"info","message":"POST /api/auth/login","service":"rbac-system","timestamp":"2025-11-28 22:56:19"}
{"level":"info","message":"POST /api/auth/login","service":"rbac-system","timestamp":"2025-11-28 22:56:28"}
{"level":"info","message":"GET /api/users","service":"rbac-system","timestamp":"2025-11-28 22:56:28"}
{"level":"info","message":"GET /api/roles","service":"rbac-system","timestamp":"2025-11-28 22:56:28"}
{"level":"info","message":"GET /api/permissions","service":"rbac-system","timestamp":"2025-11-28 22:56:28"}
{"level":"info","message":"GET /api/audit/stats","service":"rbac-system","timestamp":"2025-11-28 22:56:28"}
{"level":"info","message":"GET /api/users","service":"rbac-system","timestamp":"2025-11-28 22:56:28"}
{"level":"info","message":"GET /api/permissions","service":"rbac-system","timestamp":"2025-11-28 22:56:28"}
{"level":"info","message":"GET /api/roles","service":"rbac-system","timestamp":"2025-11-28 22:56:28"}
{"level":"info","message":"GET /api/audit/stats","service":"rbac-system","timestamp":"2025-11-28 22:56:28"}
{"level":"info","message":"GET /api/users","service":"rbac-system","timestamp":"2025-11-28 22:56:39"}
{"level":"info","message":"GET /api/roles","service":"rbac-system","timestamp":"2025-11-28 22:56:39"}
{"level":"info","message":"GET /api/users","service":"rbac-system","timestamp":"2025-11-28 22:56:39"}
{"level":"info","message":"GET /api/roles","service":"rbac-system","timestamp":"2025-11-28 22:56:39"}
{"level":"info","message":"GET /api/roles","service":"rbac-system","timestamp":"2025-11-28 22:56:43"}
{"level":"info","message":"GET /api/permissions","service":"rbac-system","timestamp":"2025-11-28 22:56:43"}
{"level":"info","message":"GET /api/roles","service":"rbac-system","timestamp":"2025-11-28 22:56:43"}
{"level":"info","message":"GET /api/permissions","service":"rbac-system","timestamp":"2025-11-28 22:56:43"}
{"level":"info","message":"GET /api/permissions","service":"rbac-system","timestamp":"2025-11-28 22:56:52"}
{"level":"info","message":"GET /api/resources","service":"rbac-system","timestamp":"2025-11-28 22:56:52"}
{"level":"info","message":"GET /api/permissions","service":"rbac-system","timestamp":"2025-11-28 22:56:52"}
{"level":"info","message":"GET /api/resources","service":"rbac-system","timestamp":"2025-11-28 22:56:52"}
{"level":"info","message":"GET /api/audit?page=1&limit=20&action=&status=","service":"rbac-system","timestamp":"2025-11-28 22:56:53"}
{"level":"info","message":"GET /api/audit/stats","service":"rbac-system","timestamp":"2025-11-28 22:56:53"}
{"level":"info","message":"GET /api/audit?page=1&limit=20&action=&status=","service":"rbac-system","timestamp":"2025-11-28 22:56:53"}
{"level":"info","message":"GET /api/audit/stats","service":"rbac-system","timestamp":"2025-11-28 22:56:53"}
{"level":"info","message":"GET /api/users","service":"rbac-system","timestamp":"2025-11-28 22:57:04"}
{"level":"info","message":"GET /api/roles","service":"rbac-system","timestamp":"2025-11-28 22:57:04"}
{"level":"info","message":"GET /api/users","service":"rbac-system","timestamp":"2025-11-28 22:57:04"}
{"level":"info","message":"GET /api/roles","service":"rbac-system","timestamp":"2025-11-28 22:57:04"}
{"level":"info","message":"POST /api/auth/logout","service":"rbac-system","timestamp":"2025-11-28 22:57:08"}
{"level":"info","message":"POST /api/auth/login","service":"rbac-system","timestamp":"2025-11-28 22:57:19"}
{"level":"info","message":"GET /api/users","service":"rbac-system","timestamp":"2025-11-28 22:57:19"}
{"level":"info","message":"GET /api/roles","service":"rbac-system","timestamp":"2025-11-28 22:57:19"}
{"level":"info","message":"GET /api/permissions","service":"rbac-system","timestamp":"2025-11-28 22:57:19"}
{"level":"info","message":"GET /api/audit/stats","service":"rbac-system","timestamp":"2025-11-28 22:57:19"}
{"level":"info","message":"GET /api/roles","service":"rbac-system","timestamp":"2025-11-28 22:57:19"}
{"level":"info","message":"GET /api/permissions","service":"rbac-system","timestamp":"2025-11-28 22:57:19"}
{"level":"info","message":"GET /api/audit/stats","service":"rbac-system","timestamp":"2025-11-28 22:57:19"}
{"level":"info","message":"GET /api/users","service":"rbac-system","timestamp":"2025-11-28 22:57:19"}
{"level":"info","message":"GET /api/users","service":"rbac-system","timestamp":"2025-11-28 22:57:22"}
{"level":"info","message":"GET /api/roles","service":"rbac-system","timestamp":"2025-11-28 22:57:22"}
{"level":"info","message":"GET /api/roles","service":"rbac-system","timestamp":"2025-11-28 22:57:22"}
{"level":"info","message":"GET /api/users","service":"rbac-system","timestamp":"2025-11-28 22:57:22"}
{"level":"info","message":"GET /api/users","service":"rbac-system","timestamp":"2025-11-28 22:57:25"}
{"level":"info","message":"GET /api/roles","service":"rbac-system","timestamp":"2025-11-28 22:57:25"}
{"level":"info","message":"GET /api/permissions","service":"rbac-system","timestamp":"2025-11-28 22:57:25"}
{"level":"info","message":"GET /api/audit/stats","service":"rbac-system","timestamp":"2025-11-28 22:57:25"}
{"level":"info","message":"GET /api/roles","service":"rbac-system","timestamp":"2025-11-28 22:57:25"}
{"level":"info","message":"GET /api/permissions","service":"rbac-system","timestamp":"2025-11-28 22:57:25"}
{"level":"info","message":"GET /api/audit/stats","service":"rbac-system","timestamp":"2025-11-28 22:57:25"}
{"level":"info","message":"GET /api/users","service":"rbac-system","timestamp":"2025-11-28 22:57:25"}
